{"logTime": "0801/162755", "correlationVector":"ZeSxzHp+yGPE1OACB4sFdy.1","action":"SyncServerConnectionManagerRequest", "result":"SYNC_SERVER_OK", "context":{"environment":"Prod_southeastasia_prod-s01-065-apac-southeastasia", "migrationStage":"NotStarted", "server":"akswtt00900003r"}}
{"logTime": "0801/162755", "correlationVector":"ZeSxzHp+yGPE1OACB4sFdy.2","action":"ProcessGetUpdates", "result":"Done", "context":{"dataType":"Encryption Keys", "deleted":"0", "process_failed_to_decrypt":"0", "process_pending_decryption":"0", "process_success":"1", "total":"1"}}
{"logTime": "0801/162756", "correlationVector":"185/lpu2H/Zb61MLgRqCSK","action":"SyncServerConnectionManagerRequest", "result":"SYNC_SERVER_OK", "context":{"environment":"", "migrationStage":"", "server":""}}
{"logTime": "0801/162756", "correlationVector":"185/lpu2H/Zb61MLgRqCSK.0","action":"EncryptionKeysFetcher.DownloadKeys:", "result":"Success", "context":Key count: 10, Last key timestamp: 2025-06-02T03:10:57Z}
{"logTime": "0801/162756", "correlationVector":"185/lpu2H/Zb61MLgRqCSK.1","action":"EncryptionKeysManager::SetEncryptionKeys:", "result":"Success", "context":Key names[10]:[Zq3oyIiwp0nkvcTtHof7GLUZDjjvDDO7kGsQEUw9UOzxk8b0ztuRfssPbUWwWBITMEngyWxkl+mbRqqggcJC9g==][sXGHNd4RZfYT8uv8fl9wD09TH7aK1ixvZnE51zFG1zxo4zfZn4vSsqUgSJQ+RM41lkgxVHMsNPG2uK8MobIL/g==][IKxUZJhYyqbaEucC/sUgENO1bd2Xgvyl/gP0Ko5isBUJoySqqY/Z6IKC50QULAYTRNmxE45nHOHbt8FG2XkNJA==][nPE9lT1Z+ZD974ejH+v//Ti5stM+eOWRNElVWy66M8DzvKTlXo1YHCiaNI8De0H+aLHgz+6nsWANnqsRe9auug==][qSasoUlpdz5/7q7neuZjl04eND3RhcqwH/PlcXVbDto/mzh4OpZH/x6pN7ueGh19mzkkIxDkRv/QNEwpg6NC6g==][wbCTqR8kR87MiPaXJdrN2JuDZYt01B/YEtVuon3Huj1tQH3c4Vgmjau9WDN98ls9nU902v2NPmw1JoRcebpj3Q==][wWs0tfGDuTzoyKmKL4zmftyKowq+Yw0eH1LwesMVIGAYkcIlRfJz2tLGFo4ep0G+uzyeTNpgp2X3ry5JR5m/gQ==][4jl4DHdH/uc3KEiM4FbbRARNlWY4m7+B4yf69XTGjip9NRUojgoV5u7NWMDONIydyEEKZhTEkpTf4d0rkE0SEQ==][H1ejqvCGezaxIQuCQ6S0RPw/lweZa4SQtmHMJunBjcgevvkFbqoF6lWINiNNCWFq9qOvwFMv4rEMjwYrKMKXIQ==][tJ8LaUBQnVF5SF0lOiSgmoCEo1P4FyUcBm4yZ3P1NS4vjE2BXVvlOLzokvYbe4zEDkgA/lfDQ3cyK77X3D12bA==]}
{"logTime": "0801/162756", "correlationVector":"185/lpu2H/Zb61MLgRqCSK.2","action":"EncryptionKeysManager::SetEncryptionKeysWithTimestamps:", "result":"Success", "context":Key timestamps[10]:[2021-05-20T10:09:00Z][2021-12-02T16:56:22Z][2022-06-02T14:09:29Z][2022-09-10T08:18:11Z][2023-03-09T11:10:29Z][2023-05-07T03:40:25Z][2023-11-07T16:09:56Z][2024-06-04T06:59:53Z][2024-12-03T06:17:36Z][2025-06-02T03:10:57Z]}
{"logTime": "0801/162756", "correlationVector":"ZeSxzHp+yGPE1OACB4sFdy","action":"Initial GetUpdates", "result":"", "context":Reason: NEW_CLIENT. cV=ZeSxzHp+yGPE1OACB4sFdy}
{"logTime": "0801/162756", "correlationVector":"ZeSxzHp+yGPE1OACB4sFdy.3","action":"GetUpdates Response", "result":"Success", "context":Received 1 update(s). cV=ZeSxzHp+yGPE1OACB4sFdy.0;server=akswtt00900003r;cloudType=Consumer;environment=Prod_southeastasia_prod-s01-065-apac-southeastasia;migrationStage=NotStarted}
{"logTime": "0801/162756", "correlationVector":"oE3engroVG+DFAe2mRV4de","action":"Initial GetUpdates", "result":"", "context":Reason: NEWLY_SUPPORTED_DATATYPE. cV=oE3engroVG+DFAe2mRV4de}
{"logTime": "0801/162757", "correlationVector":"oE3engroVG+DFAe2mRV4de.1","action":"SyncServerConnectionManagerRequest", "result":"SYNC_SERVER_OK", "context":{"environment":"Prod_southeastasia_prod-s01-065-apac-southeastasia", "migrationStage":"NotStarted", "server":"akswtt00900003h"}}
{"logTime": "0801/162757", "correlationVector":"oE3engroVG+DFAe2mRV4de.2","action":"ProcessGetUpdates", "result":"Done", "context":{"dataType":"Preferences", "deleted":"5", "process_failed_to_decrypt":"0", "process_pending_decryption":"0", "process_success":"116", "total":"116"}}
{"logTime": "0801/162757", "correlationVector":"oE3engroVG+DFAe2mRV4de.3","action":"ProcessGetUpdates", "result":"Done", "context":{"dataType":"Passwords", "deleted":"1", "process_failed_to_decrypt":"0", "process_pending_decryption":"0", "process_success":"113", "total":"113"}}
{"logTime": "0801/162757", "correlationVector":"oE3engroVG+DFAe2mRV4de.4","action":"ProcessGetUpdates", "result":"Done", "context":{"dataType":"Device Info", "deleted":"0", "process_failed_to_decrypt":"0", "process_pending_decryption":"0", "process_success":"21", "total":"21"}}
{"logTime": "0801/162757", "correlationVector":"oE3engroVG+DFAe2mRV4de.5","action":"GetUpdates Response", "result":"Success", "context":Received 250 update(s). cV=oE3engroVG+DFAe2mRV4de.0;server=akswtt00900003h;cloudType=Consumer;environment=Prod_southeastasia_prod-s01-065-apac-southeastasia;migrationStage=NotStarted Some updates remain.}
{"logTime": "0801/162757", "correlationVector":"i+o/U+m77iZkByo6CvFHgv","action":"Initial GetUpdates", "result":"", "context":Reason: NEWLY_SUPPORTED_DATATYPE. cV=i+o/U+m77iZkByo6CvFHgv}
{"logTime": "0801/162757", "correlationVector":"i+o/U+m77iZkByo6CvFHgv.1","action":"SyncServerConnectionManagerRequest", "result":"SYNC_SERVER_OK", "context":{"environment":"Prod_southeastasia_prod-s01-065-apac-southeastasia", "migrationStage":"NotStarted", "server":"akswtt00900002k"}}
{"logTime": "0801/162757", "correlationVector":"i+o/U+m77iZkByo6CvFHgv.2","action":"ProcessGetUpdates", "result":"Done", "context":{"dataType":"Preferences", "deleted":"0", "process_failed_to_decrypt":"0", "process_pending_decryption":"0", "process_success":"2", "total":"2"}}
{"logTime": "0801/162757", "correlationVector":"i+o/U+m77iZkByo6CvFHgv.3","action":"ProcessGetUpdates", "result":"Done", "context":{"dataType":"Passwords", "deleted":"0", "process_failed_to_decrypt":"0", "process_pending_decryption":"0", "process_success":"36", "total":"36"}}
{"logTime": "0801/162757", "correlationVector":"i+o/U+m77iZkByo6CvFHgv.4","action":"ProcessGetUpdates", "result":"Done", "context":{"dataType":"Device Info", "deleted":"0", "process_failed_to_decrypt":"0", "process_pending_decryption":"0", "process_success":"1", "total":"1"}}
{"logTime": "0801/162757", "correlationVector":"i+o/U+m77iZkByo6CvFHgv.5","action":"GetUpdates Response", "result":"Success", "context":Received 39 update(s). cV=i+o/U+m77iZkByo6CvFHgv.0;server=akswtt00900002k;cloudType=Consumer;environment=Prod_southeastasia_prod-s01-065-apac-southeastasia;migrationStage=NotStarted}
{"logTime": "0801/162757", "correlationVector":"WnuvMGNkgC9XzbKpxNz9qX","action":"Initial GetUpdates", "result":"", "context":Reason: NEWLY_SUPPORTED_DATATYPE. cV=WnuvMGNkgC9XzbKpxNz9qX}
{"logTime": "0801/162758", "correlationVector":"WnuvMGNkgC9XzbKpxNz9qX.1","action":"SyncServerConnectionManagerRequest", "result":"SYNC_SERVER_OK", "context":{"environment":"Prod_southeastasia_prod-s01-065-apac-southeastasia", "migrationStage":"NotStarted", "server":"akswtt009000016"}}
{"logTime": "0801/162758", "correlationVector":"WnuvMGNkgC9XzbKpxNz9qX.2","action":"ProcessGetUpdates", "result":"Done", "context":{"dataType":"Bookmarks", "deleted":"8", "process_failed_to_decrypt":"0", "process_pending_decryption":"0", "process_success":"89", "total":"89"}}
{"logTime": "0801/162758", "correlationVector":"WnuvMGNkgC9XzbKpxNz9qX.3","action":"GetUpdates Response", "result":"Success", "context":Received 89 update(s). cV=WnuvMGNkgC9XzbKpxNz9qX.0;server=akswtt009000016;cloudType=Consumer;environment=Prod_southeastasia_prod-s01-065-apac-southeastasia;migrationStage=NotStarted}
{"logTime": "0801/162758", "correlationVector":"6dJ7XrZrUulKnzee6jl5Os","action":"Initial GetUpdates", "result":"", "context":Reason: NEWLY_SUPPORTED_DATATYPE. cV=6dJ7XrZrUulKnzee6jl5Os}
{"logTime": "0801/162759", "correlationVector":"6dJ7XrZrUulKnzee6jl5Os.1","action":"SyncServerConnectionManagerRequest", "result":"SYNC_SERVER_OK", "context":{"environment":"Prod_southeastasia_prod-s01-065-apac-southeastasia", "migrationStage":"NotStarted", "server":"akswtt00900002k"}}
{"logTime": "0801/162759", "correlationVector":"6dJ7XrZrUulKnzee6jl5Os.2","action":"ProcessGetUpdates", "result":"Done", "context":{"dataType":"Autofill", "deleted":"0", "process_failed_to_decrypt":"0", "process_pending_decryption":"0", "process_success":"94", "total":"94"}}
{"logTime": "0801/162759", "correlationVector":"6dJ7XrZrUulKnzee6jl5Os.3","action":"ProcessGetUpdates", "result":"Done", "context":{"dataType":"Extensions", "deleted":"0", "process_failed_to_decrypt":"0", "process_pending_decryption":"0", "process_success":"1", "total":"1"}}
{"logTime": "0801/162759", "correlationVector":"6dJ7XrZrUulKnzee6jl5Os.4","action":"ProcessGetUpdates", "result":"Done", "context":{"dataType":"Sessions", "deleted":"150", "process_failed_to_decrypt":"0", "process_pending_decryption":"0", "process_success":"150", "total":"150"}}
{"logTime": "0801/162759", "correlationVector":"6dJ7XrZrUulKnzee6jl5Os.5","action":"ProcessGetUpdates", "result":"Done", "context":{"dataType":"Saved Tab Group", "deleted":"2", "process_failed_to_decrypt":"0", "process_pending_decryption":"0", "process_success":"2", "total":"2"}}
{"logTime": "0801/162759", "correlationVector":"6dJ7XrZrUulKnzee6jl5Os.6","action":"ProcessGetUpdates", "result":"Done", "context":{"dataType":"Edge Hub App Usage", "deleted":"3", "process_failed_to_decrypt":"0", "process_pending_decryption":"0", "process_success":"3", "total":"3"}}
{"logTime": "0801/162759", "correlationVector":"6dJ7XrZrUulKnzee6jl5Os.7","action":"GetUpdates Response", "result":"Success", "context":Received 250 update(s). cV=6dJ7XrZrUulKnzee6jl5Os.0;server=akswtt00900002k;cloudType=Consumer;environment=Prod_southeastasia_prod-s01-065-apac-southeastasia;migrationStage=NotStarted Some updates remain.}
{"logTime": "0801/162759", "correlationVector":"s90A+g5LJJakuvTvgg+Dl0","action":"Initial GetUpdates", "result":"", "context":Reason: NEWLY_SUPPORTED_DATATYPE. cV=s90A+g5LJJakuvTvgg+Dl0}
{"logTime": "0801/162801", "correlationVector":"s90A+g5LJJakuvTvgg+Dl0.1","action":"SyncServerConnectionManagerRequest", "result":"SYNC_SERVER_OK", "context":{"environment":"Prod_southeastasia_prod-s01-065-apac-southeastasia", "migrationStage":"NotStarted", "server":"akswtt00900000x"}}
{"logTime": "0801/162801", "correlationVector":"s90A+g5LJJakuvTvgg+Dl0.2","action":"ProcessGetUpdates", "result":"Done", "context":{"dataType":"Autofill Profiles", "deleted":"0", "process_failed_to_decrypt":"0", "process_pending_decryption":"0", "process_success":"44", "total":"44"}}
{"logTime": "0801/162801", "correlationVector":"s90A+g5LJJakuvTvgg+Dl0.3","action":"ProcessGetUpdates", "result":"Done", "context":{"dataType":"Autofill", "deleted":"0", "process_failed_to_decrypt":"0", "process_pending_decryption":"0", "process_success":"130", "total":"130"}}
{"logTime": "0801/162801", "correlationVector":"s90A+g5LJJakuvTvgg+Dl0.4","action":"ProcessGetUpdates", "result":"Done", "context":{"dataType":"Sessions", "deleted":"76", "process_failed_to_decrypt":"0", "process_pending_decryption":"0", "process_success":"76", "total":"76"}}
{"logTime": "0801/162801", "correlationVector":"s90A+g5LJJakuvTvgg+Dl0.5","action":"GetUpdates Response", "result":"Success", "context":Received 250 update(s). cV=s90A+g5LJJakuvTvgg+Dl0.0;server=akswtt00900000x;cloudType=Consumer;environment=Prod_southeastasia_prod-s01-065-apac-southeastasia;migrationStage=NotStarted Some updates remain.}
{"logTime": "0801/162801", "correlationVector":"Nd0pt1F3FAkhPKxpQXK8p/","action":"Initial GetUpdates", "result":"", "context":Reason: NEWLY_SUPPORTED_DATATYPE. cV=Nd0pt1F3FAkhPKxpQXK8p/}
{"logTime": "0801/162802", "correlationVector":"Nd0pt1F3FAkhPKxpQXK8p/.1","action":"SyncServerConnectionManagerRequest", "result":"SYNC_SERVER_OK", "context":{"environment":"Prod_southeastasia_prod-s01-065-apac-southeastasia", "migrationStage":"NotStarted", "server":"akswtt009000016"}}
{"logTime": "0801/162802", "correlationVector":"Nd0pt1F3FAkhPKxpQXK8p/.2","action":"ProcessGetUpdates", "result":"Done", "context":{"dataType":"Autofill", "deleted":"0", "process_failed_to_decrypt":"0", "process_pending_decryption":"0", "process_success":"250", "total":"250"}}
{"logTime": "0801/162802", "correlationVector":"Nd0pt1F3FAkhPKxpQXK8p/.3","action":"GetUpdates Response", "result":"Success", "context":Received 250 update(s). cV=Nd0pt1F3FAkhPKxpQXK8p/.0;server=akswtt009000016;cloudType=Consumer;environment=Prod_southeastasia_prod-s01-065-apac-southeastasia;migrationStage=NotStarted Some updates remain.}
{"logTime": "0801/162802", "correlationVector":"4mPa6vXcqdznh6e0AktQDv","action":"Initial GetUpdates", "result":"", "context":Reason: NEWLY_SUPPORTED_DATATYPE. cV=4mPa6vXcqdznh6e0AktQDv}
{"logTime": "0801/162803", "correlationVector":"4mPa6vXcqdznh6e0AktQDv.1","action":"SyncServerConnectionManagerRequest", "result":"SYNC_SERVER_OK", "context":{"environment":"Prod_southeastasia_prod-s01-065-apac-southeastasia", "migrationStage":"NotStarted", "server":"akswtt009000034"}}
{"logTime": "0801/162803", "correlationVector":"4mPa6vXcqdznh6e0AktQDv.2","action":"ProcessGetUpdates", "result":"Done", "context":{"dataType":"Autofill Profiles", "deleted":"0", "process_failed_to_decrypt":"0", "process_pending_decryption":"0", "process_success":"24", "total":"24"}}
{"logTime": "0801/162803", "correlationVector":"4mPa6vXcqdznh6e0AktQDv.3","action":"ProcessGetUpdates", "result":"Done", "context":{"dataType":"Autofill", "deleted":"0", "process_failed_to_decrypt":"0", "process_pending_decryption":"0", "process_success":"205", "total":"205"}}
{"logTime": "0801/162803", "correlationVector":"4mPa6vXcqdznh6e0AktQDv.4","action":"ProcessGetUpdates", "result":"Done", "context":{"dataType":"Sessions", "deleted":"20", "process_failed_to_decrypt":"0", "process_pending_decryption":"0", "process_success":"20", "total":"20"}}
{"logTime": "0801/162803", "correlationVector":"4mPa6vXcqdznh6e0AktQDv.5","action":"ProcessGetUpdates", "result":"Done", "context":{"dataType":"Edge Hub App Usage", "deleted":"0", "process_failed_to_decrypt":"0", "process_pending_decryption":"0", "process_success":"1", "total":"1"}}
{"logTime": "0801/162803", "correlationVector":"4mPa6vXcqdznh6e0AktQDv.6","action":"GetUpdates Response", "result":"Success", "context":Received 250 update(s). cV=4mPa6vXcqdznh6e0AktQDv.0;server=akswtt009000034;cloudType=Consumer;environment=Prod_southeastasia_prod-s01-065-apac-southeastasia;migrationStage=NotStarted Some updates remain.}
{"logTime": "0801/162803", "correlationVector":"iMP3zP5UL8S9Tb4BLyHzEH","action":"Initial GetUpdates", "result":"", "context":Reason: NEWLY_SUPPORTED_DATATYPE. cV=iMP3zP5UL8S9Tb4BLyHzEH}
{"logTime": "0801/162804", "correlationVector":"iMP3zP5UL8S9Tb4BLyHzEH.1","action":"SyncServerConnectionManagerRequest", "result":"SYNC_SERVER_OK", "context":{"environment":"Prod_southeastasia_prod-s01-065-apac-southeastasia", "migrationStage":"NotStarted", "server":"akswtt009000016"}}
{"logTime": "0801/162804", "correlationVector":"iMP3zP5UL8S9Tb4BLyHzEH.2","action":"ProcessGetUpdates", "result":"Done", "context":{"dataType":"Autofill Profiles", "deleted":"0", "process_failed_to_decrypt":"0", "process_pending_decryption":"0", "process_success":"3", "total":"3"}}
{"logTime": "0801/162804", "correlationVector":"iMP3zP5UL8S9Tb4BLyHzEH.3","action":"ProcessGetUpdates", "result":"Done", "context":{"dataType":"Autofill", "deleted":"0", "process_failed_to_decrypt":"0", "process_pending_decryption":"0", "process_success":"17", "total":"17"}}
{"logTime": "0801/162804", "correlationVector":"iMP3zP5UL8S9Tb4BLyHzEH.4","action":"ProcessGetUpdates", "result":"Done", "context":{"dataType":"Sessions", "deleted":"230", "process_failed_to_decrypt":"0", "process_pending_decryption":"0", "process_success":"230", "total":"230"}}
{"logTime": "0801/162804", "correlationVector":"iMP3zP5UL8S9Tb4BLyHzEH.5","action":"GetUpdates Response", "result":"Success", "context":Received 250 update(s). cV=iMP3zP5UL8S9Tb4BLyHzEH.0;server=akswtt009000016;cloudType=Consumer;environment=Prod_southeastasia_prod-s01-065-apac-southeastasia;migrationStage=NotStarted Some updates remain.}
{"logTime": "0801/162804", "correlationVector":"WX4Tdb86mNrpxmlvWHCzkG","action":"Initial GetUpdates", "result":"", "context":Reason: NEWLY_SUPPORTED_DATATYPE. cV=WX4Tdb86mNrpxmlvWHCzkG}
{"logTime": "0801/162805", "correlationVector":"WX4Tdb86mNrpxmlvWHCzkG.1","action":"SyncServerConnectionManagerRequest", "result":"SYNC_SERVER_OK", "context":{"environment":"Prod_southeastasia_prod-s01-065-apac-southeastasia", "migrationStage":"NotStarted", "server":"akswtt00900002k"}}
{"logTime": "0801/162805", "correlationVector":"WX4Tdb86mNrpxmlvWHCzkG.2","action":"ProcessGetUpdates", "result":"Done", "context":{"dataType":"Autofill Profiles", "deleted":"2", "process_failed_to_decrypt":"0", "process_pending_decryption":"0", "process_success":"5", "total":"5"}}
{"logTime": "0801/162805", "correlationVector":"WX4Tdb86mNrpxmlvWHCzkG.3","action":"ProcessGetUpdates", "result":"Done", "context":{"dataType":"Autofill", "deleted":"0", "process_failed_to_decrypt":"0", "process_pending_decryption":"0", "process_success":"23", "total":"23"}}
{"logTime": "0801/162805", "correlationVector":"WX4Tdb86mNrpxmlvWHCzkG.4","action":"ProcessGetUpdates", "result":"Done", "context":{"dataType":"Sessions", "deleted":"217", "process_failed_to_decrypt":"0", "process_pending_decryption":"0", "process_success":"217", "total":"217"}}
{"logTime": "0801/162805", "correlationVector":"WX4Tdb86mNrpxmlvWHCzkG.5","action":"ProcessGetUpdates", "result":"Done", "context":{"dataType":"Edge Hub App Usage", "deleted":"1", "process_failed_to_decrypt":"0", "process_pending_decryption":"0", "process_success":"5", "total":"5"}}
{"logTime": "0801/162805", "correlationVector":"WX4Tdb86mNrpxmlvWHCzkG.6","action":"GetUpdates Response", "result":"Success", "context":Received 250 update(s). cV=WX4Tdb86mNrpxmlvWHCzkG.0;server=akswtt00900002k;cloudType=Consumer;environment=Prod_southeastasia_prod-s01-065-apac-southeastasia;migrationStage=NotStarted Some updates remain.}
{"logTime": "0801/162805", "correlationVector":"pF1jdFlXtdYjvKfsMlk+VS","action":"Initial GetUpdates", "result":"", "context":Reason: NEWLY_SUPPORTED_DATATYPE. cV=pF1jdFlXtdYjvKfsMlk+VS}
{"logTime": "0801/162806", "correlationVector":"pF1jdFlXtdYjvKfsMlk+VS.1","action":"SyncServerConnectionManagerRequest", "result":"SYNC_SERVER_OK", "context":{"environment":"Prod_southeastasia_prod-s01-065-apac-southeastasia", "migrationStage":"NotStarted", "server":"akswtt009000024"}}
{"logTime": "0801/162806", "correlationVector":"pF1jdFlXtdYjvKfsMlk+VS.2","action":"ProcessGetUpdates", "result":"Done", "context":{"dataType":"Autofill Profiles", "deleted":"3", "process_failed_to_decrypt":"0", "process_pending_decryption":"0", "process_success":"7", "total":"7"}}
{"logTime": "0801/162806", "correlationVector":"pF1jdFlXtdYjvKfsMlk+VS.3","action":"ProcessGetUpdates", "result":"Done", "context":{"dataType":"Autofill", "deleted":"0", "process_failed_to_decrypt":"0", "process_pending_decryption":"0", "process_success":"33", "total":"33"}}
{"logTime": "0801/162806", "correlationVector":"pF1jdFlXtdYjvKfsMlk+VS.4","action":"ProcessGetUpdates", "result":"Done", "context":{"dataType":"Sessions", "deleted":"192", "process_failed_to_decrypt":"0", "process_pending_decryption":"0", "process_success":"200", "total":"200"}}
{"logTime": "0801/162806", "correlationVector":"pF1jdFlXtdYjvKfsMlk+VS.5","action":"ProcessGetUpdates", "result":"Done", "context":{"dataType":"Saved Tab Group", "deleted":"8", "process_failed_to_decrypt":"0", "process_pending_decryption":"0", "process_success":"9", "total":"9"}}
{"logTime": "0801/162806", "correlationVector":"pF1jdFlXtdYjvKfsMlk+VS.6","action":"ProcessGetUpdates", "result":"Done", "context":{"dataType":"Edge Hub App Usage", "deleted":"1", "process_failed_to_decrypt":"0", "process_pending_decryption":"0", "process_success":"1", "total":"1"}}
{"logTime": "0801/162806", "correlationVector":"pF1jdFlXtdYjvKfsMlk+VS.7","action":"GetUpdates Response", "result":"Success", "context":Received 250 update(s). cV=pF1jdFlXtdYjvKfsMlk+VS.0;server=akswtt009000024;cloudType=Consumer;environment=Prod_southeastasia_prod-s01-065-apac-southeastasia;migrationStage=NotStarted Some updates remain.}
{"logTime": "0801/162806", "correlationVector":"/4Zvy8jeIpxQmSQFcRiipA","action":"Initial GetUpdates", "result":"", "context":Reason: NEWLY_SUPPORTED_DATATYPE. cV=/4Zvy8jeIpxQmSQFcRiipA}
{"logTime": "0801/162806", "correlationVector":"/4Zvy8jeIpxQmSQFcRiipA.1","action":"SyncServerConnectionManagerRequest", "result":"SYNC_SERVER_OK", "context":{"environment":"Prod_southeastasia_prod-s01-065-apac-southeastasia", "migrationStage":"NotStarted", "server":"akswtt00900002k"}}
{"logTime": "0801/162806", "correlationVector":"/4Zvy8jeIpxQmSQFcRiipA.2","action":"ProcessGetUpdates", "result":"Done", "context":{"dataType":"Autofill", "deleted":"0", "process_failed_to_decrypt":"0", "process_pending_decryption":"0", "process_success":"1", "total":"1"}}
{"logTime": "0801/162806", "correlationVector":"/4Zvy8jeIpxQmSQFcRiipA.3","action":"ProcessGetUpdates", "result":"Done", "context":{"dataType":"Sessions", "deleted":"11", "process_failed_to_decrypt":"0", "process_pending_decryption":"0", "process_success":"16", "total":"16"}}
{"logTime": "0801/162806", "correlationVector":"/4Zvy8jeIpxQmSQFcRiipA.4","action":"GetUpdates Response", "result":"Success", "context":Received 17 update(s). cV=/4Zvy8jeIpxQmSQFcRiipA.0;server=akswtt00900002k;cloudType=Consumer;environment=Prod_southeastasia_prod-s01-065-apac-southeastasia;migrationStage=NotStarted}
{"logTime": "0801/162806", "correlationVector":"Xl6Sb70ma9cxUe4OQXPabP","action":"Initial GetUpdates", "result":"", "context":Reason: NEWLY_SUPPORTED_DATATYPE. cV=Xl6Sb70ma9cxUe4OQXPabP}
{"logTime": "0801/162807", "correlationVector":"Xl6Sb70ma9cxUe4OQXPabP.1","action":"SyncServerConnectionManagerRequest", "result":"SYNC_SERVER_OK", "context":{"environment":"Prod_southeastasia_prod-s01-065-apac-southeastasia", "migrationStage":"NotStarted", "server":"akswtt009000034"}}
{"logTime": "0801/162807", "correlationVector":"Xl6Sb70ma9cxUe4OQXPabP.2","action":"ProcessGetUpdates", "result":"Done", "context":{"dataType":"History", "deleted":"0", "process_failed_to_decrypt":"0", "process_pending_decryption":"0", "process_success":"250", "total":"250"}}
{"logTime": "0801/162807", "correlationVector":"Xl6Sb70ma9cxUe4OQXPabP.3","action":"GetUpdates Response", "result":"Success", "context":Received 250 update(s). cV=Xl6Sb70ma9cxUe4OQXPabP.0;server=akswtt009000034;cloudType=Consumer;environment=Prod_southeastasia_prod-s01-065-apac-southeastasia;migrationStage=NotStarted Some updates remain.}
{"logTime": "0801/162807", "correlationVector":"IJV0b7Zx/Tkmoi+RGfVSQm","action":"Initial GetUpdates", "result":"", "context":Reason: NEWLY_SUPPORTED_DATATYPE. cV=IJV0b7Zx/Tkmoi+RGfVSQm}
{"logTime": "0801/162808", "correlationVector":"IJV0b7Zx/Tkmoi+RGfVSQm.1","action":"SyncServerConnectionManagerRequest", "result":"SYNC_SERVER_OK", "context":{"environment":"Prod_southeastasia_prod-s01-065-apac-southeastasia", "migrationStage":"NotStarted", "server":"akswtt00900001m"}}
{"logTime": "0801/162808", "correlationVector":"IJV0b7Zx/Tkmoi+RGfVSQm.2","action":"ProcessGetUpdates", "result":"Done", "context":{"dataType":"History", "deleted":"0", "process_failed_to_decrypt":"0", "process_pending_decryption":"0", "process_success":"250", "total":"250"}}
{"logTime": "0801/162808", "correlationVector":"IJV0b7Zx/Tkmoi+RGfVSQm.3","action":"GetUpdates Response", "result":"Success", "context":Received 250 update(s). cV=IJV0b7Zx/Tkmoi+RGfVSQm.0;server=akswtt00900001m;cloudType=Consumer;environment=Prod_southeastasia_prod-s01-065-apac-southeastasia;migrationStage=NotStarted Some updates remain.}
{"logTime": "0801/162808", "correlationVector":"sX4eqqh/dgeYDUqdoX40f9","action":"Initial GetUpdates", "result":"", "context":Reason: NEWLY_SUPPORTED_DATATYPE. cV=sX4eqqh/dgeYDUqdoX40f9}
{"logTime": "0801/162808", "correlationVector":"sX4eqqh/dgeYDUqdoX40f9.1","action":"SyncServerConnectionManagerRequest", "result":"SYNC_SERVER_OK", "context":{"environment":"Prod_southeastasia_prod-s01-065-apac-southeastasia", "migrationStage":"NotStarted", "server":"akswtt00900002k"}}
{"logTime": "0801/162808", "correlationVector":"sX4eqqh/dgeYDUqdoX40f9.2","action":"ProcessGetUpdates", "result":"Done", "context":{"dataType":"History", "deleted":"0", "process_failed_to_decrypt":"0", "process_pending_decryption":"0", "process_success":"250", "total":"250"}}
{"logTime": "0801/162808", "correlationVector":"sX4eqqh/dgeYDUqdoX40f9.3","action":"GetUpdates Response", "result":"Success", "context":Received 250 update(s). cV=sX4eqqh/dgeYDUqdoX40f9.0;server=akswtt00900002k;cloudType=Consumer;environment=Prod_southeastasia_prod-s01-065-apac-southeastasia;migrationStage=NotStarted Some updates remain.}
{"logTime": "0801/162808", "correlationVector":"6aS5JjRA6qPXYiyHxCh1YU","action":"Initial GetUpdates", "result":"", "context":Reason: NEWLY_SUPPORTED_DATATYPE. cV=6aS5JjRA6qPXYiyHxCh1YU}
{"logTime": "0801/162809", "correlationVector":"6aS5JjRA6qPXYiyHxCh1YU.1","action":"SyncServerConnectionManagerRequest", "result":"SYNC_SERVER_OK", "context":{"environment":"Prod_southeastasia_prod-s01-065-apac-southeastasia", "migrationStage":"NotStarted", "server":"akswtt00900001h"}}
{"logTime": "0801/162809", "correlationVector":"6aS5JjRA6qPXYiyHxCh1YU.2","action":"ProcessGetUpdates", "result":"Done", "context":{"dataType":"History", "deleted":"0", "process_failed_to_decrypt":"0", "process_pending_decryption":"0", "process_success":"250", "total":"250"}}
{"logTime": "0801/162809", "correlationVector":"6aS5JjRA6qPXYiyHxCh1YU.3","action":"GetUpdates Response", "result":"Success", "context":Received 250 update(s). cV=6aS5JjRA6qPXYiyHxCh1YU.0;server=akswtt00900001h;cloudType=Consumer;environment=Prod_southeastasia_prod-s01-065-apac-southeastasia;migrationStage=NotStarted Some updates remain.}
{"logTime": "0801/162809", "correlationVector":"/H6jlIAiQkbREBJ6fRRmIB","action":"Initial GetUpdates", "result":"", "context":Reason: NEWLY_SUPPORTED_DATATYPE. cV=/H6jlIAiQkbREBJ6fRRmIB}
{"logTime": "0801/162810", "correlationVector":"/H6jlIAiQkbREBJ6fRRmIB.1","action":"SyncServerConnectionManagerRequest", "result":"SYNC_SERVER_OK", "context":{"environment":"Prod_southeastasia_prod-s01-065-apac-southeastasia", "migrationStage":"NotStarted", "server":"akswtt009000039"}}
{"logTime": "0801/162810", "correlationVector":"/H6jlIAiQkbREBJ6fRRmIB.2","action":"ProcessGetUpdates", "result":"Done", "context":{"dataType":"History", "deleted":"0", "process_failed_to_decrypt":"0", "process_pending_decryption":"0", "process_success":"250", "total":"250"}}
{"logTime": "0801/162810", "correlationVector":"/H6jlIAiQkbREBJ6fRRmIB.3","action":"GetUpdates Response", "result":"Success", "context":Received 250 update(s). cV=/H6jlIAiQkbREBJ6fRRmIB.0;server=akswtt009000039;cloudType=Consumer;environment=Prod_southeastasia_prod-s01-065-apac-southeastasia;migrationStage=NotStarted Some updates remain.}
{"logTime": "0801/162810", "correlationVector":"lfUPfpuf4dBUF5bQhlgzPq","action":"Initial GetUpdates", "result":"", "context":Reason: NEWLY_SUPPORTED_DATATYPE. cV=lfUPfpuf4dBUF5bQhlgzPq}
{"logTime": "0801/162810", "correlationVector":"lfUPfpuf4dBUF5bQhlgzPq.1","action":"SyncServerConnectionManagerRequest", "result":"SYNC_SERVER_OK", "context":{"environment":"Prod_southeastasia_prod-s01-065-apac-southeastasia", "migrationStage":"NotStarted", "server":"akswtt00900000x"}}
{"logTime": "0801/162810", "correlationVector":"lfUPfpuf4dBUF5bQhlgzPq.2","action":"ProcessGetUpdates", "result":"Done", "context":{"dataType":"History", "deleted":"0", "process_failed_to_decrypt":"0", "process_pending_decryption":"0", "process_success":"42", "total":"42"}}
{"logTime": "0801/162810", "correlationVector":"lfUPfpuf4dBUF5bQhlgzPq.3","action":"GetUpdates Response", "result":"Success", "context":Received 42 update(s). cV=lfUPfpuf4dBUF5bQhlgzPq.0;server=akswtt00900000x;cloudType=Consumer;environment=Prod_southeastasia_prod-s01-065-apac-southeastasia;migrationStage=NotStarted}
{"logTime": "0801/162810", "correlationVector":"YXff3enE0rvhz2LcZWfH7l","action":"Normal GetUpdate request", "result":"", "context":cV=YXff3enE0rvhz2LcZWfH7l
Nudged types: Sessions, Device Info, User Consents
Refresh requested types: Bookmarks, Preferences, Passwords, Autofill Profiles, Autofill, Extensions, Sessions, Extension settings, History Delete Directives, Device Info, User Consents, Send Tab To Self, Web Apps, History, Saved Tab Group, WebAuthn Credentials, Collection, Edge E Drop, Edge Hub App Usage, Edge Wallet, Encryption Keys}
{"logTime": "0801/162811", "correlationVector":"YXff3enE0rvhz2LcZWfH7l.1","action":"SyncServerConnectionManagerRequest", "result":"SYNC_SERVER_OK", "context":{"environment":"Prod_southeastasia_prod-s01-065-apac-southeastasia", "migrationStage":"NotStarted", "server":"akswtt00900001h"}}
{"logTime": "0801/162811", "correlationVector":"YXff3enE0rvhz2LcZWfH7l.2","action":"GetUpdates Response", "result":"Success", "context":Received 0 update(s). cV=YXff3enE0rvhz2LcZWfH7l.0;server=akswtt00900001h;cloudType=Consumer;environment=Prod_southeastasia_prod-s01-065-apac-southeastasia;migrationStage=NotStarted}
{"logTime": "0801/162811", "correlationVector":"/jmUIQ2UyCAR/PHiApi+lD","action":"DoCompareDataConsistency requsted types: ", "result":"Bookmarks, Preferences, Passwords, Extensions, Extension settings, History Delete Directives, Send Tab To Self, Web Apps, History, Saved Tab Group, WebAuthn Credentials, Collection, Edge E Drop, Edge Wallet, Encryption Keys"}
{"logTime": "0801/162811", "correlationVector":"/jmUIQ2UyCAR/PHiApi+lD.0","action":"CompareDataConsistency result: ", "result":"Compare result: Encryption Keys is consistent. local entities count is: 1 local entities hash is: 1rFJrGTNLdFbWeqmprKei/Frclw="}
{"logTime": "0801/162811", "correlationVector":"/jmUIQ2UyCAR/PHiApi+lD.1","action":"CompareDataConsistency result: ", "result":"Compare result: Bookmarks is consistent. local entities count is: 76 local entities hash is: znfTu2yXyx0K3s+CH8w15g8fWXk="}
{"logTime": "0801/162811", "correlationVector":"/jmUIQ2UyCAR/PHiApi+lD.2","action":"CompareDataConsistency result: ", "result":"Compare result: Preferences is consistent. local entities count is: 113 local entities hash is: s5LGlyaZ7DC8AP5IcXr8DfZ8jkc="}
{"logTime": "0801/162811", "correlationVector":"/jmUIQ2UyCAR/PHiApi+lD.3","action":"CompareDataConsistency result: ", "result":"Compare result: Extensions is consistent. local entities count is: 1 local entities hash is: Qe8xr4AZiosYm6hpyF1ux0hrBWU="}
{"logTime": "0801/162811", "correlationVector":"/jmUIQ2UyCAR/PHiApi+lD.4","action":"CompareDataConsistency result: ", "result":"Compare result: Extension settings is consistent. local entities count is: 0 local entities hash is: "}
{"logTime": "0801/162811", "correlationVector":"/jmUIQ2UyCAR/PHiApi+lD.5","action":"CompareDataConsistency result: ", "result":"Compare result: History Delete Directives is consistent. local entities count is: 0 local entities hash is: "}
{"logTime": "0801/162811", "correlationVector":"/jmUIQ2UyCAR/PHiApi+lD.6","action":"CompareDataConsistency result: ", "result":"Server did not send this Send Tab To Self local entities count is: 0 local entities hash is: "}
{"logTime": "0801/162811", "correlationVector":"/jmUIQ2UyCAR/PHiApi+lD.7","action":"CompareDataConsistency result: ", "result":"Compare result: Web Apps is consistent. local entities count is: 0 local entities hash is: "}
{"logTime": "0801/162811", "correlationVector":"/jmUIQ2UyCAR/PHiApi+lD.8","action":"CompareDataConsistency result: ", "result":"Server did not send this History local entities count is: 0 local entities hash is: "}
{"logTime": "0801/162811", "correlationVector":"/jmUIQ2UyCAR/PHiApi+lD.9","action":"CompareDataConsistency result: ", "result":"Compare result: Saved Tab Group is consistent. local entities count is: 1 local entities hash is: uhesiGh1oBN3y/o4jY869PxX2Os="}
{"logTime": "0801/162811", "correlationVector":"/jmUIQ2UyCAR/PHiApi+lD.10","action":"CompareDataConsistency result: ", "result":"Server did not send this WebAuthn Credentials local entities count is: 0 local entities hash is: "}
{"logTime": "0801/162811", "correlationVector":"/jmUIQ2UyCAR/PHiApi+lD.11","action":"CompareDataConsistency result: ", "result":"Compare result: Collection is consistent. local entities count is: 0 local entities hash is: "}
{"logTime": "0801/162811", "correlationVector":"/jmUIQ2UyCAR/PHiApi+lD.12","action":"CompareDataConsistency result: ", "result":"Compare result: Edge E Drop is consistent. local entities count is: 0 local entities hash is: "}
{"logTime": "0801/162811", "correlationVector":"/jmUIQ2UyCAR/PHiApi+lD.13","action":"CompareDataConsistency result: ", "result":"Compare result: Edge Wallet is consistent. local entities count is: 0 local entities hash is: "}
{"logTime": "0801/162811", "correlationVector":"/jmUIQ2UyCAR/PHiApi+lD.14","action":"CompareDataConsistency result: ", "result":"Compare result: Passwords is consistent. local entities count is: 148 local entities hash is: z+wI3NJJSRy2BJFTs73zDOpjNEM="}
{"logTime": "0801/162811", "correlationVector":"TkEfm/k8M8nUchVimDj4cJ","action":"Commit Request", "result":"", "context":Item count: 5
Contributing types: Sessions, Device Info, User Consents}
{"logTime": "0801/162812", "correlationVector":"TkEfm/k8M8nUchVimDj4cJ.1","action":"SyncServerConnectionManagerRequest", "result":"SYNC_SERVER_OK", "context":{"environment":"Prod_southeastasia_prod-s01-065-apac-southeastasia", "migrationStage":"NotStarted", "server":"akswtt009000034"}}
{"logTime": "0801/162812", "correlationVector":"TkEfm/k8M8nUchVimDj4cJ.2","action":"Commit Response", "result":"Success", "context":Result: Success. cV=TkEfm/k8M8nUchVimDj4cJ.0;server=akswtt009000034;cloudType=Consumer;environment=Prod_southeastasia_prod-s01-065-apac-southeastasia;migrationStage=NotStarted}
{"logTime": "0801/162812", "correlationVector":"","action":"DIAGNOSTIC_REQUEST|v1/diagnosticData/Diagnostic.SendCheckResult()|SUCCESS", "result":""}
{"logTime": "0801/163350", "correlationVector":"gPCZSpNnvx0xqPRwyWYPD3","action":"Normal GetUpdate request", "result":"", "context":cV=gPCZSpNnvx0xqPRwyWYPD3
Nudged types: Sessions, History
Refresh requested types: Bookmarks, Preferences, Passwords, Autofill Profiles, Autofill, Extensions, Sessions, Extension settings, History Delete Directives, Device Info, User Consents, Send Tab To Self, Web Apps, History, Saved Tab Group, WebAuthn Credentials, Collection, Edge E Drop, Edge Hub App Usage, Edge Wallet, Encryption Keys}
{"logTime": "0801/163351", "correlationVector":"gPCZSpNnvx0xqPRwyWYPD3.1","action":"SyncServerConnectionManagerRequest", "result":"SYNC_SERVER_OK", "context":{"environment":"Prod_southeastasia_prod-s01-065-apac-southeastasia", "migrationStage":"NotStarted", "server":"akswtt00900000o"}}
{"logTime": "0801/163351", "correlationVector":"gPCZSpNnvx0xqPRwyWYPD3.2","action":"ProcessGetUpdates", "result":"Done", "context":{"dataType":"Sessions", "deleted":"1", "process_failed_to_decrypt":"0", "process_pending_decryption":"0", "process_success":"3", "total":"3"}}
{"logTime": "0801/163351", "correlationVector":"gPCZSpNnvx0xqPRwyWYPD3.3","action":"ProcessGetUpdates", "result":"Done", "context":{"dataType":"History", "deleted":"0", "process_failed_to_decrypt":"0", "process_pending_decryption":"0", "process_success":"2", "total":"2"}}
{"logTime": "0801/163351", "correlationVector":"gPCZSpNnvx0xqPRwyWYPD3.4","action":"GetUpdates Response", "result":"Success", "context":Received 5 update(s). cV=gPCZSpNnvx0xqPRwyWYPD3.0;server=akswtt00900000o;cloudType=Consumer;environment=Prod_southeastasia_prod-s01-065-apac-southeastasia;migrationStage=NotStarted}
{"logTime": "0801/163351", "correlationVector":"mQDvx8cifi30DlH9BcI3+Y","action":"Commit Request", "result":"", "context":Item count: 9
Contributing types: Sessions, History}
{"logTime": "0801/163352", "correlationVector":"mQDvx8cifi30DlH9BcI3+Y.1","action":"SyncServerConnectionManagerRequest", "result":"SYNC_SERVER_OK", "context":{"environment":"Prod_southeastasia_prod-s01-065-apac-southeastasia", "migrationStage":"NotStarted", "server":"akswtt009000044"}}
{"logTime": "0801/163352", "correlationVector":"mQDvx8cifi30DlH9BcI3+Y.2","action":"Commit Response", "result":"Success", "context":Result: Success. cV=mQDvx8cifi30DlH9BcI3+Y.0;server=akswtt009000044;cloudType=Consumer;environment=Prod_southeastasia_prod-s01-065-apac-southeastasia;migrationStage=NotStarted}
{"logTime": "0801/163506", "correlationVector":"S4UO4FVh/lEqScBlqpEQyW","action":"Normal GetUpdate request", "result":"", "context":cV=S4UO4FVh/lEqScBlqpEQyW
Nudged types: Sessions, History
Refresh requested types: Bookmarks, Preferences, Passwords, Autofill Profiles, Autofill, Extensions, Sessions, Extension settings, History Delete Directives, Device Info, User Consents, Send Tab To Self, Web Apps, History, Saved Tab Group, WebAuthn Credentials, Collection, Edge E Drop, Edge Hub App Usage, Edge Wallet, Encryption Keys}
{"logTime": "0801/163506", "correlationVector":"S4UO4FVh/lEqScBlqpEQyW.1","action":"SyncServerConnectionManagerRequest", "result":"SYNC_SERVER_OK", "context":{"environment":"Prod_southeastasia_prod-s01-065-apac-southeastasia", "migrationStage":"NotStarted", "server":"akswtt00900002s"}}
{"logTime": "0801/163506", "correlationVector":"S4UO4FVh/lEqScBlqpEQyW.2","action":"ProcessGetUpdates", "result":"Done", "context":{"dataType":"Sessions", "deleted":"0", "process_failed_to_decrypt":"0", "process_pending_decryption":"0", "process_success":"4", "total":"4"}}
{"logTime": "0801/163506", "correlationVector":"S4UO4FVh/lEqScBlqpEQyW.3","action":"ProcessGetUpdates", "result":"Done", "context":{"dataType":"History", "deleted":"0", "process_failed_to_decrypt":"0", "process_pending_decryption":"0", "process_success":"5", "total":"5"}}
{"logTime": "0801/163506", "correlationVector":"S4UO4FVh/lEqScBlqpEQyW.4","action":"GetUpdates Response", "result":"Success", "context":Received 9 update(s). cV=S4UO4FVh/lEqScBlqpEQyW.0;server=akswtt00900002s;cloudType=Consumer;environment=Prod_southeastasia_prod-s01-065-apac-southeastasia;migrationStage=NotStarted}
{"logTime": "0801/163506", "correlationVector":"chciHkq4zFNz1dc5D6qDeM","action":"Commit Request", "result":"", "context":Item count: 8
Contributing types: Sessions, History}
{"logTime": "0801/163507", "correlationVector":"chciHkq4zFNz1dc5D6qDeM.1","action":"SyncServerConnectionManagerRequest", "result":"SYNC_SERVER_OK", "context":{"environment":"Prod_southeastasia_prod-s01-065-apac-southeastasia", "migrationStage":"NotStarted", "server":"akswtt00900003h"}}
{"logTime": "0801/163507", "correlationVector":"chciHkq4zFNz1dc5D6qDeM.2","action":"Commit Response", "result":"Success", "context":Result: Success. cV=chciHkq4zFNz1dc5D6qDeM.0;server=akswtt00900003h;cloudType=Consumer;environment=Prod_southeastasia_prod-s01-065-apac-southeastasia;migrationStage=NotStarted}
{"logTime": "0801/163507", "correlationVector":"chciHkq4zFNz1dc5D6qDeM.3","action":"Commit.Sessions", "result":"Success", "context":{"id":"3a69b554-5472-440c-a675-9456e2b557ba", "isDeleted":"true", "size":"0", "version":"1754066031504"}}
{"logTime": "0801/163600", "correlationVector":"6y0OacXhBdSs7SiHf5iCO1","action":"Normal GetUpdate request", "result":"", "context":cV=6y0OacXhBdSs7SiHf5iCO1
Nudged types: Sessions, History
Refresh requested types: Bookmarks, Preferences, Passwords, Autofill Profiles, Autofill, Extensions, Sessions, Extension settings, History Delete Directives, Device Info, User Consents, Send Tab To Self, Web Apps, History, Saved Tab Group, WebAuthn Credentials, Collection, Edge E Drop, Edge Hub App Usage, Edge Wallet, Encryption Keys}
{"logTime": "0801/163601", "correlationVector":"6y0OacXhBdSs7SiHf5iCO1.1","action":"SyncServerConnectionManagerRequest", "result":"SYNC_SERVER_OK", "context":{"environment":"Prod_southeastasia_prod-s01-065-apac-southeastasia", "migrationStage":"NotStarted", "server":"akswtt009000030"}}
{"logTime": "0801/163601", "correlationVector":"6y0OacXhBdSs7SiHf5iCO1.2","action":"ProcessGetUpdates", "result":"Done", "context":{"dataType":"Sessions", "deleted":"1", "process_failed_to_decrypt":"0", "process_pending_decryption":"0", "process_success":"5", "total":"5"}}
{"logTime": "0801/163601", "correlationVector":"6y0OacXhBdSs7SiHf5iCO1.3","action":"ProcessGetUpdates", "result":"Done", "context":{"dataType":"History", "deleted":"0", "process_failed_to_decrypt":"0", "process_pending_decryption":"0", "process_success":"4", "total":"4"}}
{"logTime": "0801/163601", "correlationVector":"6y0OacXhBdSs7SiHf5iCO1.4","action":"GetUpdates Response", "result":"Success", "context":Received 9 update(s). cV=6y0OacXhBdSs7SiHf5iCO1.0;server=akswtt009000030;cloudType=Consumer;environment=Prod_southeastasia_prod-s01-065-apac-southeastasia;migrationStage=NotStarted}
{"logTime": "0801/163601", "correlationVector":"LrnYDZfZd78MAOJFaoow0+","action":"Commit Request", "result":"", "context":Item count: 5
Contributing types: Sessions, History}
{"logTime": "0801/163601", "correlationVector":"LrnYDZfZd78MAOJFaoow0+.1","action":"SyncServerConnectionManagerRequest", "result":"SYNC_SERVER_OK", "context":{"environment":"Prod_southeastasia_prod-s01-065-apac-southeastasia", "migrationStage":"NotStarted", "server":"akswtt009000016"}}
{"logTime": "0801/163601", "correlationVector":"LrnYDZfZd78MAOJFaoow0+.2","action":"Commit Response", "result":"Success", "context":Result: Success. cV=LrnYDZfZd78MAOJFaoow0+.0;server=akswtt009000016;cloudType=Consumer;environment=Prod_southeastasia_prod-s01-065-apac-southeastasia;migrationStage=NotStarted}
{"logTime": "0801/163601", "correlationVector":"LrnYDZfZd78MAOJFaoow0+.3","action":"Commit.Sessions", "result":"Success", "context":{"id":"aaf09bee-31d5-4274-a328-aa4a432380c3", "isDeleted":"true", "size":"0", "version":"1754066106712"}}
{"logTime": "0801/163700", "correlationVector":"VOEIuurK/2uRw+eVm+Hezm","action":"Commit Request", "result":"", "context":Item count: 40
Contributing types: Passwords}
{"logTime": "0801/163702", "correlationVector":"VOEIuurK/2uRw+eVm+Hezm.1","action":"SyncServerConnectionManagerRequest", "result":"SYNC_SERVER_OK", "context":{"environment":"Prod_southeastasia_prod-s01-065-apac-southeastasia", "migrationStage":"NotStarted", "server":"akswtt009000019"}}
{"logTime": "0801/163702", "correlationVector":"VOEIuurK/2uRw+eVm+Hezm.2","action":"Commit Response", "result":"Success", "context":Result: Success. cV=VOEIuurK/2uRw+eVm+Hezm.0;server=akswtt009000019;cloudType=Consumer;environment=Prod_southeastasia_prod-s01-065-apac-southeastasia;migrationStage=NotStarted}
{"logTime": "0801/163702", "correlationVector":"nb6U8Wa6xdQOMhjoBNuSeI","action":"Commit Request", "result":"", "context":Item count: 40
Contributing types: Passwords}
{"logTime": "0801/163704", "correlationVector":"nb6U8Wa6xdQOMhjoBNuSeI.1","action":"SyncServerConnectionManagerRequest", "result":"SYNC_SERVER_OK", "context":{"environment":"Prod_southeastasia_prod-s01-065-apac-southeastasia", "migrationStage":"NotStarted", "server":"akswtt009000016"}}
{"logTime": "0801/163704", "correlationVector":"nb6U8Wa6xdQOMhjoBNuSeI.2","action":"Commit Response", "result":"Success", "context":Result: Success. cV=nb6U8Wa6xdQOMhjoBNuSeI.0;server=akswtt009000016;cloudType=Consumer;environment=Prod_southeastasia_prod-s01-065-apac-southeastasia;migrationStage=NotStarted}
{"logTime": "0801/163704", "correlationVector":"sDYxiatPuuVOcmLLu+h6YR","action":"Commit Request", "result":"", "context":Item count: 15
Contributing types: Passwords, Sessions, History}
{"logTime": "0801/163705", "correlationVector":"sDYxiatPuuVOcmLLu+h6YR.1","action":"SyncServerConnectionManagerRequest", "result":"SYNC_SERVER_OK", "context":{"environment":"Prod_southeastasia_prod-s01-065-apac-southeastasia", "migrationStage":"NotStarted", "server":"akswtt009000010"}}
{"logTime": "0801/163705", "correlationVector":"sDYxiatPuuVOcmLLu+h6YR.2","action":"Commit Response", "result":"Success", "context":Result: Success. cV=sDYxiatPuuVOcmLLu+h6YR.0;server=akswtt009000010;cloudType=Consumer;environment=Prod_southeastasia_prod-s01-065-apac-southeastasia;migrationStage=NotStarted}
{"logTime": "0801/163811", "correlationVector":"tewmsGLwKbg+ufT8dawNyX","action":"Commit Request", "result":"", "context":Item count: 1
Contributing types: Sessions}
{"logTime": "0801/163812", "correlationVector":"tewmsGLwKbg+ufT8dawNyX.1","action":"SyncServerConnectionManagerRequest", "result":"SYNC_SERVER_OK", "context":{"environment":"Prod_southeastasia_prod-s01-065-apac-southeastasia", "migrationStage":"NotStarted", "server":"akswtt009000023"}}
{"logTime": "0801/163812", "correlationVector":"tewmsGLwKbg+ufT8dawNyX.2","action":"Commit Response", "result":"Success", "context":Result: Success. cV=tewmsGLwKbg+ufT8dawNyX.0;server=akswtt009000023;cloudType=Consumer;environment=Prod_southeastasia_prod-s01-065-apac-southeastasia;migrationStage=NotStarted}
{"logTime": "0801/163812", "correlationVector":"tewmsGLwKbg+ufT8dawNyX.3","action":"Commit.Sessions", "result":"Success", "context":{"id":"38fc7fc6-68b8-47bf-8fd9-080ed51a25f3", "isDeleted":"true", "size":"0", "version":"1754066161307"}}
