2025-08-01 16:27:53.379: [INFO][Sync] Reset engine, reason: 8
2025-08-01 16:27:53.379: [INFO][Sync] Stopped: Bookmarks
2025-08-01 16:27:53.379: [INFO][Sync] Stopped: Preferences
2025-08-01 16:27:53.379: [INFO][Sync] Stopped: Passwords
2025-08-01 16:27:53.379: [INFO][Sync] Stopped: Autofill Profiles
2025-08-01 16:27:53.379: [INFO][Sync] Stopped: Autofill
2025-08-01 16:27:53.379: [INFO][Sync] Stopped: Extensions
2025-08-01 16:27:53.379: [INFO][Sync] Stopped: Sessions
2025-08-01 16:27:53.379: [INFO][Sync] Stopped: Extension settings
2025-08-01 16:27:53.379: [INFO][Sync] Stopped: History Delete Directives
2025-08-01 16:27:53.379: [INFO][Sync] Stopped: Device Info
2025-08-01 16:27:53.379: [INFO][Sync] Stopped: User Consents
2025-08-01 16:27:53.379: [INFO][Sync] Stopped: Send Tab To Self
2025-08-01 16:27:53.379: [INFO][Sync] Stopped: Web Apps
2025-08-01 16:27:53.379: [INFO][Sync] Stopped: History
2025-08-01 16:27:53.379: [INFO][Sync] Stopped: Saved Tab Group
2025-08-01 16:27:53.379: [INFO][Sync] Stopped: WebAuthn Credentials
2025-08-01 16:27:53.379: [INFO][Sync] Stopped: Collection
2025-08-01 16:27:53.379: [INFO][Sync] Stopped: Edge E Drop
2025-08-01 16:27:53.379: [INFO][Sync] Stopped: Edge Hub App Usage
2025-08-01 16:27:53.379: [INFO][Sync] Stopped: Edge Wallet
2025-08-01 16:27:53.379: [INFO][Sync] SyncState after authenticated was: NotSignedIn
2025-08-01 16:27:53.617: [INFO][Sync] Reset engine, reason: 8
2025-08-01 16:27:53.617: [INFO][Sync] Stopped: Bookmarks
2025-08-01 16:27:53.617: [INFO][Sync] Stopped: Preferences
2025-08-01 16:27:53.617: [INFO][Sync] Stopped: Passwords
2025-08-01 16:27:53.617: [INFO][Sync] Stopped: Autofill Profiles
2025-08-01 16:27:53.617: [INFO][Sync] Stopped: Autofill
2025-08-01 16:27:53.617: [INFO][Sync] Stopped: Extensions
2025-08-01 16:27:53.617: [INFO][Sync] Stopped: Sessions
2025-08-01 16:27:53.617: [INFO][Sync] Stopped: Extension settings
2025-08-01 16:27:53.617: [INFO][Sync] Stopped: History Delete Directives
2025-08-01 16:27:53.617: [INFO][Sync] Stopped: Device Info
2025-08-01 16:27:53.617: [INFO][Sync] Stopped: User Consents
2025-08-01 16:27:53.617: [INFO][Sync] Stopped: Send Tab To Self
2025-08-01 16:27:53.617: [INFO][Sync] Stopped: Web Apps
2025-08-01 16:27:53.617: [INFO][Sync] Stopped: History
2025-08-01 16:27:53.617: [INFO][Sync] Stopped: Saved Tab Group
2025-08-01 16:27:53.617: [INFO][Sync] Stopped: WebAuthn Credentials
2025-08-01 16:27:53.617: [INFO][Sync] Stopped: Collection
2025-08-01 16:27:53.617: [INFO][Sync] Stopped: Edge E Drop
2025-08-01 16:27:53.617: [INFO][Sync] Stopped: Edge Hub App Usage
2025-08-01 16:27:53.617: [INFO][Sync] Stopped: Edge Wallet
2025-08-01 16:27:53.715: [INFO][Sync] Try to start sync engine
2025-08-01 16:27:53.716: [INFO][SyncManagerImpl::NudgeForInitialDownload] Initial download nudge for Encryption Keys
2025-08-01 16:27:53.716: [INFO][SyncEngineBackend::LoadAndConnectNigoriController] Load and connect Nigori controller
2025-08-01 16:27:53.716: [INFO][SyncEngineBackend::DoInitialize] Control Types added: Encryption Keys
2025-08-01 16:27:53.716: [INFO][SyncManagerImpl::ConfigureSyncer] Types to download: Encryption Keys with reason: 3
2025-08-01 16:27:53.716: [INFO][SyncSchedulerImpl::DoConfigurationSyncCycleJob] Configure job was blocked
2025-08-01 16:27:53.824: [INFO][SyncAuthManager::SetLastAuthError] Current auth error: None
2025-08-01 16:27:53.824: [INFO][SyncAuthManager::EdgeLogTokenErrorState] Token error with: None for account type: MSA
2025-08-01 16:27:53.824: [INFO][Sync] Credentials changed for: EdgeSyncScopeNew
2025-08-01 16:27:54.798: [INFO][SyncAuthManager::SetLastAuthError] Current auth error: None
2025-08-01 16:27:54.798: [INFO][SyncAuthManager::EdgeLogTokenErrorState] Token error with: None for account type: MSA
2025-08-01 16:27:54.798: [INFO][Sync] Credentials changed for: EdgeSyncKeyDataScope
2025-08-01 16:27:54.798: [INFO][SyncEngineBackend::DoUpdateKeyDataCredentials] Update key data credentials
2025-08-01 16:27:54.798: [INFO][SyncEngineBackend::DoUpdateCredentials] Update credentials
2025-08-01 16:27:54.798: [INFO][SyncSchedulerImpl::DoConfigurationSyncCycleJob] Blocked types:  and types to download: Encryption Keys
2025-08-01 16:27:55.753: [INFO][Sync] Started DataTypeManager configuration, reason: 4
2025-08-01 16:27:55.753: [INFO][Sync] Configuring for: Bookmarks, Preferences, Passwords, Autofill Profiles, Autofill, Extensions, Sessions, Extension settings, History Delete Directives, Device Info, User Consents, Send Tab To Self, Web Apps, History, Saved Tab Group, WebAuthn Credentials, Collection, Edge E Drop, Edge Hub App Usage, Edge Wallet, Encryption Keys, reason: 3, current state: 0
2025-08-01 16:27:55.753: [WARN][Sync] Crypto error data types: Passwords, Autofill Profiles, Autofill
2025-08-01 16:27:55.754: [INFO][Sync] Configure, desired: Bookmarks, Preferences, Extensions, Sessions, Extension settings, History Delete Directives, Device Info, User Consents, Send Tab To Self, Web Apps, History, Saved Tab Group, WebAuthn Credentials, Collection, Edge E Drop, Edge Hub App Usage, Edge Wallet, Encryption Keys; Allow fail: Passwords, Autofill Profiles, Autofill
2025-08-01 16:27:55.754: [INFO][Sync] Loading: Bookmarks
2025-08-01 16:27:55.754: [INFO][Sync] Loading: Preferences
2025-08-01 16:27:55.754: [INFO][Sync] Loading: Extensions
2025-08-01 16:27:55.754: [INFO][Sync] Loading: Sessions
2025-08-01 16:27:55.754: [INFO][Sync] Loading: Extension settings
2025-08-01 16:27:55.754: [INFO][Sync] Loading: History Delete Directives
2025-08-01 16:27:55.754: [INFO][Sync] Loading: Device Info
2025-08-01 16:27:55.754: [INFO][Sync] Loading: User Consents
2025-08-01 16:27:55.754: [INFO][Sync] Loading: Send Tab To Self
2025-08-01 16:27:55.754: [INFO][Sync] Loading: Web Apps
2025-08-01 16:27:55.754: [INFO][Sync] Loading: History
2025-08-01 16:27:55.754: [INFO][Sync] Loading: Saved Tab Group
2025-08-01 16:27:55.754: [INFO][Sync] Loading: WebAuthn Credentials
2025-08-01 16:27:55.754: [INFO][Sync] Loading: Collection
2025-08-01 16:27:55.754: [INFO][Sync] Loading: Edge E Drop
2025-08-01 16:27:55.754: [INFO][Sync] Loading: Edge Hub App Usage
2025-08-01 16:27:55.754: [INFO][Sync] Loading: Edge Wallet
2025-08-01 16:27:55.758: [INFO][Sync] All data types are ready for configure.
2025-08-01 16:27:56.302: [INFO][Sync] Started DataTypeManager configuration, reason: 5
2025-08-01 16:27:56.302: [INFO][Sync] Configuring for: Bookmarks, Preferences, Passwords, Autofill Profiles, Autofill, Extensions, Sessions, Extension settings, History Delete Directives, Device Info, User Consents, Send Tab To Self, Web Apps, History, Saved Tab Group, WebAuthn Credentials, Collection, Edge E Drop, Edge Hub App Usage, Edge Wallet, Encryption Keys, reason: 5, current state: 1
2025-08-01 16:27:56.306: [INFO][SyncEngineBackend::DoStartConfiguration] Start configuration
2025-08-01 16:27:56.306: [INFO][SyncManagerImpl::NudgeForInitialDownload] Initial download nudge for Bookmarks
2025-08-01 16:27:56.306: [INFO][SyncManagerImpl::NudgeForInitialDownload] Initial download nudge for Preferences
2025-08-01 16:27:56.306: [INFO][SyncManagerImpl::NudgeForInitialDownload] Initial download nudge for Extensions
2025-08-01 16:27:56.306: [INFO][SyncManagerImpl::NudgeForInitialDownload] Initial download nudge for Sessions
2025-08-01 16:27:56.306: [INFO][SyncManagerImpl::NudgeForInitialDownload] Initial download nudge for Extension settings
2025-08-01 16:27:56.306: [INFO][SyncManagerImpl::NudgeForInitialDownload] Initial download nudge for History Delete Directives
2025-08-01 16:27:56.306: [INFO][SyncManagerImpl::NudgeForInitialDownload] Initial download nudge for Device Info
2025-08-01 16:27:56.306: [INFO][SyncManagerImpl::NudgeForInitialDownload] Initial download nudge for Send Tab To Self
2025-08-01 16:27:56.306: [INFO][SyncManagerImpl::NudgeForInitialDownload] Initial download nudge for Web Apps
2025-08-01 16:27:56.306: [INFO][SyncManagerImpl::NudgeForInitialDownload] Initial download nudge for History
2025-08-01 16:27:56.306: [INFO][SyncManagerImpl::NudgeForInitialDownload] Initial download nudge for Saved Tab Group
2025-08-01 16:27:56.306: [INFO][SyncManagerImpl::NudgeForInitialDownload] Initial download nudge for WebAuthn Credentials
2025-08-01 16:27:56.306: [INFO][SyncManagerImpl::NudgeForInitialDownload] Initial download nudge for Collection
2025-08-01 16:27:56.306: [INFO][SyncManagerImpl::NudgeForInitialDownload] Initial download nudge for Edge E Drop
2025-08-01 16:27:56.306: [INFO][SyncManagerImpl::NudgeForInitialDownload] Initial download nudge for Edge Hub App Usage
2025-08-01 16:27:56.306: [INFO][SyncManagerImpl::NudgeForInitialDownload] Initial download nudge for Edge Wallet
2025-08-01 16:27:56.306: [INFO][SyncManagerImpl::ConfigureSyncer] Types to download:  with reason: 3
2025-08-01 16:27:56.306: [INFO][SyncEngineBackend::DoFinishConfigureDataTypes] Failed to download types:  and succeeded types: 
2025-08-01 16:27:56.306: [INFO][Sync] ConfigurationDone, failed: , succeeded: , remaining count: 4
2025-08-01 16:27:56.306: [WARN][Sync]     Reconfigure requested while configuration ongoing.
2025-08-01 16:27:56.306: [INFO][Sync] Configuring for: Bookmarks, Preferences, Passwords, Autofill Profiles, Autofill, Extensions, Sessions, Extension settings, History Delete Directives, Device Info, User Consents, Send Tab To Self, Web Apps, History, Saved Tab Group, WebAuthn Credentials, Collection, Edge E Drop, Edge Hub App Usage, Edge Wallet, Encryption Keys, reason: 5, current state: 2
2025-08-01 16:27:56.306: [INFO][Sync] Configure, desired: Bookmarks, Preferences, Passwords, Autofill Profiles, Autofill, Extensions, Sessions, Extension settings, History Delete Directives, Device Info, User Consents, Send Tab To Self, Web Apps, History, Saved Tab Group, WebAuthn Credentials, Collection, Edge E Drop, Edge Hub App Usage, Edge Wallet, Encryption Keys; Allow fail: 
2025-08-01 16:27:56.306: [INFO][Sync] Loading: Passwords
2025-08-01 16:27:56.306: [INFO][Sync] Loading: Autofill Profiles
2025-08-01 16:27:56.306: [INFO][Sync] Loading: Autofill
2025-08-01 16:27:56.307: [INFO][Sync] All data types are ready for configure.
2025-08-01 16:27:56.307: [INFO][SyncManagerImpl::NudgeForInitialDownload] Initial download nudge for Passwords
2025-08-01 16:27:56.307: [INFO][SyncManagerImpl::NudgeForInitialDownload] Initial download nudge for Autofill Profiles
2025-08-01 16:27:56.307: [INFO][SyncManagerImpl::NudgeForInitialDownload] Initial download nudge for Autofill
2025-08-01 16:27:56.307: [INFO][SyncManagerImpl::ConfigureSyncer] Types to download:  with reason: 5
2025-08-01 16:27:56.307: [INFO][SyncEngineBackend::DoFinishConfigureDataTypes] Failed to download types:  and succeeded types: 
2025-08-01 16:27:56.307: [INFO][Sync] ConfigurationDone, failed: , succeeded: , remaining count: 4
2025-08-01 16:27:56.307: [INFO][Sync] Prepare to configure types: Preferences, Passwords, Device Info, Send Tab To Self, Edge E Drop, Encryption Keys
2025-08-01 16:27:56.307: [INFO][SyncManagerImpl::ConfigureSyncer] Types to download: Preferences, Passwords, Device Info, Send Tab To Self, Edge E Drop, Encryption Keys with reason: 5
2025-08-01 16:27:56.307: [INFO][SyncSchedulerImpl::DoConfigurationSyncCycleJob] Blocked types:  and types to download: Preferences, Passwords, Device Info, Send Tab To Self, Edge E Drop, Encryption Keys
2025-08-01 16:27:57.855: [INFO][SyncEngineBackend::DoFinishConfigureDataTypes] Failed to download types:  and succeeded types: Preferences, Passwords, Device Info, Send Tab To Self, Edge E Drop, Encryption Keys
2025-08-01 16:27:57.862: [INFO][Sync] ConfigurationDone, failed: , succeeded: Preferences, Passwords, Device Info, Send Tab To Self, Edge E Drop, Encryption Keys, remaining count: 3
2025-08-01 16:27:57.862: [INFO][Sync] Prepare to configure types: Bookmarks, Encryption Keys
2025-08-01 16:27:57.862: [INFO][SyncManagerImpl::ConfigureSyncer] Types to download: Bookmarks, Encryption Keys with reason: 5
2025-08-01 16:27:57.862: [INFO][SyncSchedulerImpl::DoConfigurationSyncCycleJob] Blocked types:  and types to download: Bookmarks, Encryption Keys
2025-08-01 16:27:58.396: [INFO][SyncEngineBackend::DoFinishConfigureDataTypes] Failed to download types:  and succeeded types: Bookmarks, Encryption Keys
2025-08-01 16:27:58.404: [INFO][Sync] ConfigurationDone, failed: , succeeded: Bookmarks, Encryption Keys, remaining count: 2
2025-08-01 16:27:58.404: [INFO][Sync] Prepare to configure types: Autofill Profiles, Autofill, Extensions, Sessions, Extension settings, History Delete Directives, Web Apps, Saved Tab Group, WebAuthn Credentials, Collection, Edge Hub App Usage, Edge Wallet, Encryption Keys
2025-08-01 16:27:58.404: [INFO][SyncManagerImpl::ConfigureSyncer] Types to download: Autofill Profiles, Autofill, Extensions, Sessions, Extension settings, History Delete Directives, Web Apps, Saved Tab Group, WebAuthn Credentials, Collection, Edge Hub App Usage, Edge Wallet, Encryption Keys with reason: 5
2025-08-01 16:27:58.404: [INFO][SyncSchedulerImpl::DoConfigurationSyncCycleJob] Blocked types:  and types to download: Autofill Profiles, Autofill, Extensions, Sessions, Extension settings, History Delete Directives, Web Apps, Saved Tab Group, WebAuthn Credentials, Collection, Edge Hub App Usage, Edge Wallet, Encryption Keys
2025-08-01 16:28:06.461: [INFO][SyncEngineBackend::DoFinishConfigureDataTypes] Failed to download types:  and succeeded types: Autofill Profiles, Autofill, Extensions, Sessions, Extension settings, History Delete Directives, Web Apps, Saved Tab Group, WebAuthn Credentials, Collection, Edge Hub App Usage, Edge Wallet, Encryption Keys
2025-08-01 16:28:06.461: [INFO][Sync] ConfigurationDone, failed: , succeeded: Autofill Profiles, Autofill, Extensions, Sessions, Extension settings, History Delete Directives, Web Apps, Saved Tab Group, WebAuthn Credentials, Collection, Edge Hub App Usage, Edge Wallet, Encryption Keys, remaining count: 1
2025-08-01 16:28:06.462: [INFO][Sync] Prepare to configure types: History, Encryption Keys
2025-08-01 16:28:06.462: [INFO][SyncManagerImpl::ConfigureSyncer] Types to download: History, Encryption Keys with reason: 5
2025-08-01 16:28:06.462: [INFO][SyncSchedulerImpl::DoConfigurationSyncCycleJob] Blocked types:  and types to download: History, Encryption Keys
2025-08-01 16:28:10.571: [INFO][SyncEngineBackend::DoFinishConfigureDataTypes] Failed to download types:  and succeeded types: History, Encryption Keys
2025-08-01 16:28:10.578: [INFO][Sync] ConfigurationDone, failed: , succeeded: History, Encryption Keys, remaining count: 0
2025-08-01 16:28:10.585: [INFO][Sync]     Configuration completed, state: 7
2025-08-01 16:28:10.585: [INFO][Sync] Configured DataTypeManager: Ok
2025-08-01 16:28:10.593: [INFO][SyncEngineBackend::DoStartSyncing] Start syncing
2025-08-01 16:28:34.671: [INFO][Sync] Reset engine, reason: 0
2025-08-01 16:28:34.671: [INFO][Sync] Reset engine with reason: 0
2025-08-01 16:33:49.785: [INFO][Sync] SyncState after authenticated was: FeatureCanStart
2025-08-01 16:33:50.253: [INFO][Sync] Try to start sync engine
2025-08-01 16:33:50.258: [INFO][SyncEngineBackend::LoadAndConnectNigoriController] Load and connect Nigori controller
2025-08-01 16:33:50.258: [INFO][SyncEngineBackend::DoInitialize] Control Types added: 
2025-08-01 16:33:50.258: [INFO][SyncManagerImpl::ConfigureSyncer] Types to download:  with reason: 4
2025-08-01 16:33:50.277: [INFO][Sync] Started DataTypeManager configuration, reason: 4
2025-08-01 16:33:50.277: [INFO][Sync] Configuring for: Bookmarks, Preferences, Passwords, Autofill Profiles, Autofill, Extensions, Sessions, Extension settings, History Delete Directives, Device Info, User Consents, Send Tab To Self, Web Apps, History, Saved Tab Group, WebAuthn Credentials, Collection, Edge E Drop, Edge Hub App Usage, Edge Wallet, Encryption Keys, reason: 4, current state: 0
2025-08-01 16:33:50.277: [INFO][SyncEngineBackend::DoStartConfiguration] Start configuration
2025-08-01 16:33:50.285: [INFO][Sync] Configure, desired: Bookmarks, Preferences, Passwords, Autofill Profiles, Autofill, Extensions, Sessions, Extension settings, History Delete Directives, Device Info, User Consents, Send Tab To Self, Web Apps, History, Saved Tab Group, WebAuthn Credentials, Collection, Edge E Drop, Edge Hub App Usage, Edge Wallet, Encryption Keys; Allow fail: 
2025-08-01 16:33:50.286: [INFO][Sync] Loading: Bookmarks
2025-08-01 16:33:50.286: [INFO][Sync] Loading: Preferences
2025-08-01 16:33:50.286: [INFO][Sync] Loading: Passwords
2025-08-01 16:33:50.286: [INFO][Sync] Loading: Autofill Profiles
2025-08-01 16:33:50.286: [INFO][Sync] Loading: Autofill
2025-08-01 16:33:50.286: [INFO][Sync] Loading: Extensions
2025-08-01 16:33:50.286: [INFO][Sync] Loading: Sessions
2025-08-01 16:33:50.286: [INFO][Sync] Loading: Extension settings
2025-08-01 16:33:50.286: [INFO][Sync] Loading: History Delete Directives
2025-08-01 16:33:50.286: [INFO][Sync] Loading: Device Info
2025-08-01 16:33:50.286: [INFO][Sync] Loading: User Consents
2025-08-01 16:33:50.286: [INFO][Sync] Loading: Send Tab To Self
2025-08-01 16:33:50.286: [INFO][Sync] Loading: Web Apps
2025-08-01 16:33:50.286: [INFO][Sync] Loading: History
2025-08-01 16:33:50.286: [INFO][Sync] Loading: Saved Tab Group
2025-08-01 16:33:50.286: [INFO][Sync] Loading: WebAuthn Credentials
2025-08-01 16:33:50.286: [INFO][Sync] Loading: Collection
2025-08-01 16:33:50.286: [INFO][Sync] Loading: Edge E Drop
2025-08-01 16:33:50.286: [INFO][Sync] Loading: Edge Hub App Usage
2025-08-01 16:33:50.286: [INFO][Sync] Loading: Edge Wallet
2025-08-01 16:33:50.312: [INFO][Sync] All data types are ready for configure.
2025-08-01 16:33:50.312: [INFO][SyncManagerImpl::ConfigureSyncer] Types to download:  with reason: 4
2025-08-01 16:33:50.312: [INFO][SyncEngineBackend::DoFinishConfigureDataTypes] Failed to download types:  and succeeded types: 
2025-08-01 16:33:50.312: [INFO][Sync] ConfigurationDone, failed: , succeeded: , remaining count: 4
2025-08-01 16:33:50.312: [INFO][SyncManagerImpl::ConfigureSyncer] Types to download:  with reason: 4
2025-08-01 16:33:50.312: [INFO][SyncEngineBackend::DoFinishConfigureDataTypes] Failed to download types:  and succeeded types: 
2025-08-01 16:33:50.313: [INFO][Sync] ConfigurationDone, failed: , succeeded: , remaining count: 3
2025-08-01 16:33:50.313: [INFO][SyncManagerImpl::ConfigureSyncer] Types to download:  with reason: 4
2025-08-01 16:33:50.313: [INFO][SyncEngineBackend::DoFinishConfigureDataTypes] Failed to download types:  and succeeded types: 
2025-08-01 16:33:50.313: [INFO][Sync] ConfigurationDone, failed: , succeeded: , remaining count: 2
2025-08-01 16:33:50.313: [INFO][SyncManagerImpl::ConfigureSyncer] Types to download:  with reason: 4
2025-08-01 16:33:50.313: [INFO][SyncEngineBackend::DoFinishConfigureDataTypes] Failed to download types:  and succeeded types: 
2025-08-01 16:33:50.313: [INFO][Sync] ConfigurationDone, failed: , succeeded: , remaining count: 1
2025-08-01 16:33:50.320: [INFO][SyncManagerImpl::ConfigureSyncer] Types to download:  with reason: 4
2025-08-01 16:33:50.320: [INFO][SyncEngineBackend::DoFinishConfigureDataTypes] Failed to download types:  and succeeded types: 
2025-08-01 16:33:50.321: [INFO][Sync] ConfigurationDone, failed: , succeeded: , remaining count: 0
2025-08-01 16:33:50.328: [INFO][Sync]     Configuration completed, state: 3
2025-08-01 16:33:50.328: [INFO][Sync] Configured DataTypeManager: Ok
2025-08-01 16:33:50.336: [INFO][SyncEngineBackend::DoStartSyncing] Start syncing
2025-08-01 16:33:50.337: [INFO][SyncAuthManager::SetLastAuthError] Current auth error: None
2025-08-01 16:33:50.337: [INFO][SyncAuthManager::EdgeLogTokenErrorState] Token error with: None for account type: MSA
2025-08-01 16:33:50.337: [INFO][Sync] Credentials changed for: EdgeSyncScopeNew
2025-08-01 16:33:50.933: [INFO][SyncAuthManager::SetLastAuthError] Current auth error: None
2025-08-01 16:33:50.933: [INFO][SyncAuthManager::EdgeLogTokenErrorState] Token error with: None for account type: MSA
2025-08-01 16:33:50.933: [INFO][Sync] Credentials changed for: EdgeSyncKeyDataScope
2025-08-01 16:33:50.933: [INFO][SyncEngineBackend::DoUpdateKeyDataCredentials] Update key data credentials
2025-08-01 16:33:50.933: [INFO][SyncEngineBackend::DoUpdateCredentials] Update credentials
2025-08-01 16:34:27.999: [INFO][Sync] Reset engine, reason: 0
2025-08-01 16:34:27.999: [INFO][Sync] Reset engine with reason: 0
2025-08-01 16:35:05.200: [INFO][Sync] SyncState after authenticated was: FeatureCanStart
2025-08-01 16:35:05.615: [INFO][Sync] Try to start sync engine
2025-08-01 16:35:05.621: [INFO][SyncEngineBackend::LoadAndConnectNigoriController] Load and connect Nigori controller
2025-08-01 16:35:05.621: [INFO][SyncEngineBackend::DoInitialize] Control Types added: 
2025-08-01 16:35:05.621: [INFO][SyncManagerImpl::ConfigureSyncer] Types to download:  with reason: 4
2025-08-01 16:35:05.639: [INFO][Sync] Started DataTypeManager configuration, reason: 4
2025-08-01 16:35:05.639: [INFO][Sync] Configuring for: Bookmarks, Preferences, Passwords, Autofill Profiles, Autofill, Extensions, Sessions, Extension settings, History Delete Directives, Device Info, User Consents, Send Tab To Self, Web Apps, History, Saved Tab Group, WebAuthn Credentials, Collection, Edge E Drop, Edge Hub App Usage, Edge Wallet, Encryption Keys, reason: 4, current state: 0
2025-08-01 16:35:05.639: [INFO][SyncEngineBackend::DoStartConfiguration] Start configuration
2025-08-01 16:35:05.647: [INFO][Sync] Configure, desired: Bookmarks, Preferences, Passwords, Autofill Profiles, Autofill, Extensions, Sessions, Extension settings, History Delete Directives, Device Info, User Consents, Send Tab To Self, Web Apps, History, Saved Tab Group, WebAuthn Credentials, Collection, Edge E Drop, Edge Hub App Usage, Edge Wallet, Encryption Keys; Allow fail: 
2025-08-01 16:35:05.647: [INFO][Sync] Loading: Bookmarks
2025-08-01 16:35:05.647: [INFO][Sync] Loading: Preferences
2025-08-01 16:35:05.647: [INFO][Sync] Loading: Passwords
2025-08-01 16:35:05.647: [INFO][Sync] Loading: Autofill Profiles
2025-08-01 16:35:05.647: [INFO][Sync] Loading: Autofill
2025-08-01 16:35:05.647: [INFO][Sync] Loading: Extensions
2025-08-01 16:35:05.647: [INFO][Sync] Loading: Sessions
2025-08-01 16:35:05.647: [INFO][Sync] Loading: Extension settings
2025-08-01 16:35:05.647: [INFO][Sync] Loading: History Delete Directives
2025-08-01 16:35:05.648: [INFO][Sync] Loading: Device Info
2025-08-01 16:35:05.648: [INFO][Sync] Loading: User Consents
2025-08-01 16:35:05.648: [INFO][Sync] Loading: Send Tab To Self
2025-08-01 16:35:05.648: [INFO][Sync] Loading: Web Apps
2025-08-01 16:35:05.648: [INFO][Sync] Loading: History
2025-08-01 16:35:05.648: [INFO][Sync] Loading: Saved Tab Group
2025-08-01 16:35:05.648: [INFO][Sync] Loading: WebAuthn Credentials
2025-08-01 16:35:05.648: [INFO][Sync] Loading: Collection
2025-08-01 16:35:05.648: [INFO][Sync] Loading: Edge E Drop
2025-08-01 16:35:05.648: [INFO][Sync] Loading: Edge Hub App Usage
2025-08-01 16:35:05.648: [INFO][Sync] Loading: Edge Wallet
2025-08-01 16:35:05.665: [INFO][Sync] All data types are ready for configure.
2025-08-01 16:35:05.665: [INFO][SyncManagerImpl::ConfigureSyncer] Types to download:  with reason: 4
2025-08-01 16:35:05.665: [INFO][SyncEngineBackend::DoFinishConfigureDataTypes] Failed to download types:  and succeeded types: 
2025-08-01 16:35:05.665: [INFO][Sync] ConfigurationDone, failed: , succeeded: , remaining count: 4
2025-08-01 16:35:05.665: [INFO][SyncManagerImpl::ConfigureSyncer] Types to download:  with reason: 4
2025-08-01 16:35:05.665: [INFO][SyncEngineBackend::DoFinishConfigureDataTypes] Failed to download types:  and succeeded types: 
2025-08-01 16:35:05.666: [INFO][Sync] ConfigurationDone, failed: , succeeded: , remaining count: 3
2025-08-01 16:35:05.666: [INFO][SyncManagerImpl::ConfigureSyncer] Types to download:  with reason: 4
2025-08-01 16:35:05.666: [INFO][SyncEngineBackend::DoFinishConfigureDataTypes] Failed to download types:  and succeeded types: 
2025-08-01 16:35:05.666: [INFO][Sync] ConfigurationDone, failed: , succeeded: , remaining count: 2
2025-08-01 16:35:05.666: [INFO][SyncManagerImpl::ConfigureSyncer] Types to download:  with reason: 4
2025-08-01 16:35:05.666: [INFO][SyncEngineBackend::DoFinishConfigureDataTypes] Failed to download types:  and succeeded types: 
2025-08-01 16:35:05.666: [INFO][Sync] ConfigurationDone, failed: , succeeded: , remaining count: 1
2025-08-01 16:35:05.675: [INFO][SyncManagerImpl::ConfigureSyncer] Types to download:  with reason: 4
2025-08-01 16:35:05.675: [INFO][SyncEngineBackend::DoFinishConfigureDataTypes] Failed to download types:  and succeeded types: 
2025-08-01 16:35:05.675: [INFO][Sync] ConfigurationDone, failed: , succeeded: , remaining count: 0
2025-08-01 16:35:05.683: [INFO][Sync]     Configuration completed, state: 3
2025-08-01 16:35:05.683: [INFO][Sync] Configured DataTypeManager: Ok
2025-08-01 16:35:05.692: [INFO][SyncEngineBackend::DoStartSyncing] Start syncing
2025-08-01 16:35:05.701: [INFO][SyncAuthManager::SetLastAuthError] Current auth error: None
2025-08-01 16:35:05.702: [INFO][SyncAuthManager::EdgeLogTokenErrorState] Token error with: None for account type: MSA
2025-08-01 16:35:05.702: [INFO][Sync] Credentials changed for: EdgeSyncScopeNew
2025-08-01 16:35:06.136: [INFO][SyncAuthManager::SetLastAuthError] Current auth error: None
2025-08-01 16:35:06.136: [INFO][SyncAuthManager::EdgeLogTokenErrorState] Token error with: None for account type: MSA
2025-08-01 16:35:06.136: [INFO][Sync] Credentials changed for: EdgeSyncKeyDataScope
2025-08-01 16:35:06.137: [INFO][SyncEngineBackend::DoUpdateKeyDataCredentials] Update key data credentials
2025-08-01 16:35:06.137: [INFO][SyncEngineBackend::DoUpdateCredentials] Update credentials
2025-08-01 16:35:19.823: [INFO][Sync] Reset engine, reason: 0
2025-08-01 16:35:19.823: [INFO][Sync] Reset engine with reason: 0
2025-08-01 16:36:00.044: [INFO][Sync] SyncState after authenticated was: FeatureCanStart
2025-08-01 16:36:00.493: [INFO][Sync] Try to start sync engine
2025-08-01 16:36:00.498: [INFO][SyncEngineBackend::LoadAndConnectNigoriController] Load and connect Nigori controller
2025-08-01 16:36:00.498: [INFO][SyncEngineBackend::DoInitialize] Control Types added: 
2025-08-01 16:36:00.498: [INFO][SyncManagerImpl::ConfigureSyncer] Types to download:  with reason: 4
2025-08-01 16:36:00.515: [INFO][Sync] Started DataTypeManager configuration, reason: 4
2025-08-01 16:36:00.515: [INFO][Sync] Configuring for: Bookmarks, Preferences, Passwords, Autofill Profiles, Autofill, Extensions, Sessions, Extension settings, History Delete Directives, Device Info, User Consents, Send Tab To Self, Web Apps, History, Saved Tab Group, WebAuthn Credentials, Collection, Edge E Drop, Edge Hub App Usage, Edge Wallet, Encryption Keys, reason: 4, current state: 0
2025-08-01 16:36:00.515: [INFO][SyncEngineBackend::DoStartConfiguration] Start configuration
2025-08-01 16:36:00.523: [INFO][Sync] Configure, desired: Bookmarks, Preferences, Passwords, Autofill Profiles, Autofill, Extensions, Sessions, Extension settings, History Delete Directives, Device Info, User Consents, Send Tab To Self, Web Apps, History, Saved Tab Group, WebAuthn Credentials, Collection, Edge E Drop, Edge Hub App Usage, Edge Wallet, Encryption Keys; Allow fail: 
2025-08-01 16:36:00.523: [INFO][Sync] Loading: Bookmarks
2025-08-01 16:36:00.523: [INFO][Sync] Loading: Preferences
2025-08-01 16:36:00.523: [INFO][Sync] Loading: Passwords
2025-08-01 16:36:00.523: [INFO][Sync] Loading: Autofill Profiles
2025-08-01 16:36:00.523: [INFO][Sync] Loading: Autofill
2025-08-01 16:36:00.523: [INFO][Sync] Loading: Extensions
2025-08-01 16:36:00.523: [INFO][Sync] Loading: Sessions
2025-08-01 16:36:00.523: [INFO][Sync] Loading: Extension settings
2025-08-01 16:36:00.523: [INFO][Sync] Loading: History Delete Directives
2025-08-01 16:36:00.523: [INFO][Sync] Loading: Device Info
2025-08-01 16:36:00.523: [INFO][Sync] Loading: User Consents
2025-08-01 16:36:00.523: [INFO][Sync] Loading: Send Tab To Self
2025-08-01 16:36:00.523: [INFO][Sync] Loading: Web Apps
2025-08-01 16:36:00.523: [INFO][Sync] Loading: History
2025-08-01 16:36:00.523: [INFO][Sync] Loading: Saved Tab Group
2025-08-01 16:36:00.523: [INFO][Sync] Loading: WebAuthn Credentials
2025-08-01 16:36:00.523: [INFO][Sync] Loading: Collection
2025-08-01 16:36:00.523: [INFO][Sync] Loading: Edge E Drop
2025-08-01 16:36:00.523: [INFO][Sync] Loading: Edge Hub App Usage
2025-08-01 16:36:00.523: [INFO][Sync] Loading: Edge Wallet
2025-08-01 16:36:00.549: [INFO][Sync] All data types are ready for configure.
2025-08-01 16:36:00.549: [INFO][SyncManagerImpl::ConfigureSyncer] Types to download:  with reason: 4
2025-08-01 16:36:00.549: [INFO][SyncEngineBackend::DoFinishConfigureDataTypes] Failed to download types:  and succeeded types: 
2025-08-01 16:36:00.550: [INFO][Sync] ConfigurationDone, failed: , succeeded: , remaining count: 4
2025-08-01 16:36:00.551: [INFO][SyncManagerImpl::ConfigureSyncer] Types to download:  with reason: 4
2025-08-01 16:36:00.551: [INFO][SyncEngineBackend::DoFinishConfigureDataTypes] Failed to download types:  and succeeded types: 
2025-08-01 16:36:00.551: [INFO][Sync] ConfigurationDone, failed: , succeeded: , remaining count: 3
2025-08-01 16:36:00.551: [INFO][SyncManagerImpl::ConfigureSyncer] Types to download:  with reason: 4
2025-08-01 16:36:00.551: [INFO][SyncEngineBackend::DoFinishConfigureDataTypes] Failed to download types:  and succeeded types: 
2025-08-01 16:36:00.551: [INFO][Sync] ConfigurationDone, failed: , succeeded: , remaining count: 2
2025-08-01 16:36:00.551: [INFO][SyncManagerImpl::ConfigureSyncer] Types to download:  with reason: 4
2025-08-01 16:36:00.551: [INFO][SyncEngineBackend::DoFinishConfigureDataTypes] Failed to download types:  and succeeded types: 
2025-08-01 16:36:00.551: [INFO][Sync] ConfigurationDone, failed: , succeeded: , remaining count: 1
2025-08-01 16:36:00.561: [INFO][SyncManagerImpl::ConfigureSyncer] Types to download:  with reason: 4
2025-08-01 16:36:00.561: [INFO][SyncEngineBackend::DoFinishConfigureDataTypes] Failed to download types:  and succeeded types: 
2025-08-01 16:36:00.562: [INFO][Sync] ConfigurationDone, failed: , succeeded: , remaining count: 0
2025-08-01 16:36:00.570: [INFO][Sync]     Configuration completed, state: 3
2025-08-01 16:36:00.570: [INFO][Sync] Configured DataTypeManager: Ok
2025-08-01 16:36:00.579: [INFO][SyncEngineBackend::DoStartSyncing] Start syncing
2025-08-01 16:36:00.592: [INFO][SyncAuthManager::SetLastAuthError] Current auth error: None
2025-08-01 16:36:00.592: [INFO][SyncAuthManager::EdgeLogTokenErrorState] Token error with: None for account type: MSA
2025-08-01 16:36:00.592: [INFO][Sync] Credentials changed for: EdgeSyncScopeNew
2025-08-01 16:36:00.735: [INFO][SyncAuthManager::SetLastAuthError] Current auth error: None
2025-08-01 16:36:00.735: [INFO][SyncAuthManager::EdgeLogTokenErrorState] Token error with: None for account type: MSA
2025-08-01 16:36:00.735: [INFO][Sync] Credentials changed for: EdgeSyncKeyDataScope
2025-08-01 16:36:00.735: [INFO][SyncEngineBackend::DoUpdateKeyDataCredentials] Update key data credentials
2025-08-01 16:36:00.735: [INFO][SyncEngineBackend::DoUpdateCredentials] Update credentials
2025-08-01 16:40:21.096: [INFO][Sync] Reset engine, reason: 0
2025-08-01 16:40:21.096: [INFO][Sync] Reset engine with reason: 0
